[01:11:13] alt:V Server 15.68 (release)
[01:11:13] Starting alt:V Server on [::]:7788
[01:11:13] Required server permissions:
[01:11:13] Optional server permissions:
[01:11:13] Starting HTTP server on [::]:7788
[01:11:13] Main thread started (ThreadId: 22868)
[01:11:13] EntityStreamer thread started (ThreadId: 34900)
[01:11:13] SyncSend thread started (ThreadId: 7804)
[01:11:13] SyncSend thread started (ThreadId: 33548)
[01:11:13] SyncReceive thread started (ThreadId: 38380)
[01:11:13] SyncSend thread started (ThreadId: 21648)
[01:11:13] SyncSend thread started (ThreadId: 30248)
[01:11:13] SyncSend thread started (ThreadId: 36800)
[01:11:13] SyncSend thread started (ThreadId: 11468)
[01:11:13] SyncReceive thread started (ThreadId: 30624)
[01:11:13] SyncSend thread started (ThreadId: 23976)
[01:11:13] SyncReceive thread started (ThreadId: 18168)
[01:11:13] SyncReceive thread started (ThreadId: 37676)
[01:11:13] Network thread started (ThreadId: 38216)
[01:11:13] Console thread started (ThreadId: 35196)
[01:11:13] SyncSend thread started (ThreadId: 38876)
[01:11:13] Server started
[01:11:17] Server shutdown
