[00:53:50] alt:V Server 15.68 (release)
[00:53:50] Starting alt:V Server on [::]:7788
[00:53:50] Required server permissions:
[00:53:50] Optional server permissions:
[00:53:50] Starting HTTP server on [::]:7788
[00:53:50] Main thread started (ThreadId: 37344)
[00:53:50] EntityStreamer thread started (ThreadId: 37404)
[00:53:50] SyncSend thread started (ThreadId: 38408)
[00:53:50] SyncSend thread started (ThreadId: 16228)
[00:53:50] SyncSend thread started (ThreadId: 37276)
[00:53:50] SyncSend thread started (ThreadId: 11172)
[00:53:50] SyncReceive thread started (ThreadId: 38660)
[00:53:50] Console thread started (ThreadId: 10156)
[00:53:50] SyncSend thread started (ThreadId: 37684)
[00:53:50] SyncSend thread started (ThreadId: 19536)
[00:53:50] SyncReceive thread started (ThreadId: 30864)
[00:53:50] SyncReceive thread started (ThreadId: 32528)
[00:53:50] SyncSend thread started (ThreadId: 37544)
[00:53:50] SyncReceive thread started (ThreadId: 33236)
[00:53:50] SyncSend thread started (ThreadId: 35128)
[00:53:50] Network thread started (ThreadId: 30088)
[00:53:50] Server started
[00:54:01] Server shutdown
